2023-12-19T07:35:34.332+05:30  WARN 18108 --- [blood-donor-application] [HikariPool-9 housekeeper] com.zaxxer.hikari.pool.HikariPool        : HikariPool-9 - Thread starvation or clock leap detected (housekeeper delta=8h57m27s98ms357µs).
2023-12-19T07:40:03.255+05:30  INFO 18108 --- [blood-donor-application] [AsyncResolver-bootstrap-executor-0] c.n.d.s.r.aws.ConfigClusterResolver      : Resolving eureka endpoints via configuration
2023-12-19T07:45:03.258+05:30  INFO 18108 --- [blood-donor-application] [AsyncResolver-bootstrap-executor-0] c.n.d.s.r.aws.ConfigClusterResolver      : Resolving eureka endpoints via configuration
2023-12-19T07:50:03.273+05:30  INFO 18108 --- [blood-donor-application] [AsyncResolver-bootstrap-executor-0] c.n.d.s.r.aws.ConfigClusterResolver      : Resolving eureka endpoints via configuration
2023-12-19T07:55:03.279+05:30  INFO 18108 --- [blood-donor-application] [AsyncResolver-bootstrap-executor-0] c.n.d.s.r.aws.ConfigClusterResolver      : Resolving eureka endpoints via configuration
2023-12-19T08:00:03.292+05:30  INFO 18108 --- [blood-donor-application] [AsyncResolver-bootstrap-executor-0] c.n.d.s.r.aws.ConfigClusterResolver      : Resolving eureka endpoints via configuration
2023-12-19T08:05:03.305+05:30  INFO 18108 --- [blood-donor-application] [AsyncResolver-bootstrap-executor-0] c.n.d.s.r.aws.ConfigClusterResolver      : Resolving eureka endpoints via configuration
2023-12-19T08:10:03.309+05:30  INFO 18108 --- [blood-donor-application] [AsyncResolver-bootstrap-executor-0] c.n.d.s.r.aws.ConfigClusterResolver      : Resolving eureka endpoints via configuration
2023-12-19T08:15:03.325+05:30  INFO 18108 --- [blood-donor-application] [AsyncResolver-bootstrap-executor-0] c.n.d.s.r.aws.ConfigClusterResolver      : Resolving eureka endpoints via configuration
2023-12-19T08:20:03.328+05:30  INFO 18108 --- [blood-donor-application] [AsyncResolver-bootstrap-executor-0] c.n.d.s.r.aws.ConfigClusterResolver      : Resolving eureka endpoints via configuration
2023-12-19T08:25:03.328+05:30  INFO 18108 --- [blood-donor-application] [AsyncResolver-bootstrap-executor-0] c.n.d.s.r.aws.ConfigClusterResolver      : Resolving eureka endpoints via configuration
2023-12-19T08:30:03.344+05:30  INFO 18108 --- [blood-donor-application] [AsyncResolver-bootstrap-executor-0] c.n.d.s.r.aws.ConfigClusterResolver      : Resolving eureka endpoints via configuration
2023-12-19T08:35:03.345+05:30  INFO 18108 --- [blood-donor-application] [AsyncResolver-bootstrap-executor-0] c.n.d.s.r.aws.ConfigClusterResolver      : Resolving eureka endpoints via configuration
2023-12-19T08:40:03.355+05:30  INFO 18108 --- [blood-donor-application] [AsyncResolver-bootstrap-executor-0] c.n.d.s.r.aws.ConfigClusterResolver      : Resolving eureka endpoints via configuration
2023-12-19T08:45:03.361+05:30  INFO 18108 --- [blood-donor-application] [AsyncResolver-bootstrap-executor-0] c.n.d.s.r.aws.ConfigClusterResolver      : Resolving eureka endpoints via configuration
2023-12-19T08:50:03.372+05:30  INFO 18108 --- [blood-donor-application] [AsyncResolver-bootstrap-executor-0] c.n.d.s.r.aws.ConfigClusterResolver      : Resolving eureka endpoints via configuration
2023-12-19T08:55:03.376+05:30  INFO 18108 --- [blood-donor-application] [AsyncResolver-bootstrap-executor-0] c.n.d.s.r.aws.ConfigClusterResolver      : Resolving eureka endpoints via configuration
2023-12-19T09:00:03.388+05:30  INFO 18108 --- [blood-donor-application] [AsyncResolver-bootstrap-executor-0] c.n.d.s.r.aws.ConfigClusterResolver      : Resolving eureka endpoints via configuration
2023-12-19T09:05:03.390+05:30  INFO 18108 --- [blood-donor-application] [AsyncResolver-bootstrap-executor-0] c.n.d.s.r.aws.ConfigClusterResolver      : Resolving eureka endpoints via configuration
2023-12-19T09:10:03.405+05:30  INFO 18108 --- [blood-donor-application] [AsyncResolver-bootstrap-executor-0] c.n.d.s.r.aws.ConfigClusterResolver      : Resolving eureka endpoints via configuration
2023-12-19T09:15:03.412+05:30  INFO 18108 --- [blood-donor-application] [AsyncResolver-bootstrap-executor-0] c.n.d.s.r.aws.ConfigClusterResolver      : Resolving eureka endpoints via configuration
2023-12-19T09:20:03.416+05:30  INFO 18108 --- [blood-donor-application] [AsyncResolver-bootstrap-executor-0] c.n.d.s.r.aws.ConfigClusterResolver      : Resolving eureka endpoints via configuration
2023-12-19T09:25:03.427+05:30  INFO 18108 --- [blood-donor-application] [AsyncResolver-bootstrap-executor-0] c.n.d.s.r.aws.ConfigClusterResolver      : Resolving eureka endpoints via configuration
2023-12-19T09:30:03.440+05:30  INFO 18108 --- [blood-donor-application] [AsyncResolver-bootstrap-executor-0] c.n.d.s.r.aws.ConfigClusterResolver      : Resolving eureka endpoints via configuration
2023-12-19T09:35:03.455+05:30  INFO 18108 --- [blood-donor-application] [AsyncResolver-bootstrap-executor-0] c.n.d.s.r.aws.ConfigClusterResolver      : Resolving eureka endpoints via configuration
2023-12-19T09:40:03.462+05:30  INFO 18108 --- [blood-donor-application] [AsyncResolver-bootstrap-executor-0] c.n.d.s.r.aws.ConfigClusterResolver      : Resolving eureka endpoints via configuration
2023-12-19T09:45:03.463+05:30  INFO 18108 --- [blood-donor-application] [AsyncResolver-bootstrap-executor-0] c.n.d.s.r.aws.ConfigClusterResolver      : Resolving eureka endpoints via configuration
2023-12-19T09:50:03.480+05:30  INFO 18108 --- [blood-donor-application] [AsyncResolver-bootstrap-executor-0] c.n.d.s.r.aws.ConfigClusterResolver      : Resolving eureka endpoints via configuration
2023-12-19T09:55:03.492+05:30  INFO 18108 --- [blood-donor-application] [AsyncResolver-bootstrap-executor-0] c.n.d.s.r.aws.ConfigClusterResolver      : Resolving eureka endpoints via configuration
2023-12-19T10:00:03.496+05:30  INFO 18108 --- [blood-donor-application] [AsyncResolver-bootstrap-executor-0] c.n.d.s.r.aws.ConfigClusterResolver      : Resolving eureka endpoints via configuration
2023-12-19T10:05:03.504+05:30  INFO 18108 --- [blood-donor-application] [AsyncResolver-bootstrap-executor-0] c.n.d.s.r.aws.ConfigClusterResolver      : Resolving eureka endpoints via configuration
2023-12-19T10:10:03.506+05:30  INFO 18108 --- [blood-donor-application] [AsyncResolver-bootstrap-executor-0] c.n.d.s.r.aws.ConfigClusterResolver      : Resolving eureka endpoints via configuration
2023-12-19T10:15:03.512+05:30  INFO 18108 --- [blood-donor-application] [AsyncResolver-bootstrap-executor-0] c.n.d.s.r.aws.ConfigClusterResolver      : Resolving eureka endpoints via configuration
2023-12-19T10:20:03.526+05:30  INFO 18108 --- [blood-donor-application] [AsyncResolver-bootstrap-executor-0] c.n.d.s.r.aws.ConfigClusterResolver      : Resolving eureka endpoints via configuration
2023-12-19T10:25:03.539+05:30  INFO 18108 --- [blood-donor-application] [AsyncResolver-bootstrap-executor-0] c.n.d.s.r.aws.ConfigClusterResolver      : Resolving eureka endpoints via configuration
2023-12-19T10:30:03.540+05:30  INFO 18108 --- [blood-donor-application] [AsyncResolver-bootstrap-executor-0] c.n.d.s.r.aws.ConfigClusterResolver      : Resolving eureka endpoints via configuration
2023-12-19T10:35:03.546+05:30  INFO 18108 --- [blood-donor-application] [AsyncResolver-bootstrap-executor-0] c.n.d.s.r.aws.ConfigClusterResolver      : Resolving eureka endpoints via configuration
2023-12-19T10:40:03.553+05:30  INFO 18108 --- [blood-donor-application] [AsyncResolver-bootstrap-executor-0] c.n.d.s.r.aws.ConfigClusterResolver      : Resolving eureka endpoints via configuration
2023-12-19T10:45:03.568+05:30  INFO 18108 --- [blood-donor-application] [AsyncResolver-bootstrap-executor-0] c.n.d.s.r.aws.ConfigClusterResolver      : Resolving eureka endpoints via configuration
2023-12-19T10:50:03.584+05:30  INFO 18108 --- [blood-donor-application] [AsyncResolver-bootstrap-executor-0] c.n.d.s.r.aws.ConfigClusterResolver      : Resolving eureka endpoints via configuration
2023-12-19T10:55:03.595+05:30  INFO 18108 --- [blood-donor-application] [AsyncResolver-bootstrap-executor-0] c.n.d.s.r.aws.ConfigClusterResolver      : Resolving eureka endpoints via configuration
2023-12-19T11:00:03.603+05:30  INFO 18108 --- [blood-donor-application] [AsyncResolver-bootstrap-executor-0] c.n.d.s.r.aws.ConfigClusterResolver      : Resolving eureka endpoints via configuration
2023-12-19T11:05:03.609+05:30  INFO 18108 --- [blood-donor-application] [AsyncResolver-bootstrap-executor-0] c.n.d.s.r.aws.ConfigClusterResolver      : Resolving eureka endpoints via configuration
2023-12-19T11:10:03.612+05:30  INFO 18108 --- [blood-donor-application] [AsyncResolver-bootstrap-executor-0] c.n.d.s.r.aws.ConfigClusterResolver      : Resolving eureka endpoints via configuration
2023-12-19T11:15:03.624+05:30  INFO 18108 --- [blood-donor-application] [AsyncResolver-bootstrap-executor-0] c.n.d.s.r.aws.ConfigClusterResolver      : Resolving eureka endpoints via configuration
2023-12-19T11:20:03.635+05:30  INFO 18108 --- [blood-donor-application] [AsyncResolver-bootstrap-executor-0] c.n.d.s.r.aws.ConfigClusterResolver      : Resolving eureka endpoints via configuration
2023-12-19T11:25:03.639+05:30  INFO 18108 --- [blood-donor-application] [AsyncResolver-bootstrap-executor-0] c.n.d.s.r.aws.ConfigClusterResolver      : Resolving eureka endpoints via configuration
2023-12-19T11:30:03.647+05:30  INFO 18108 --- [blood-donor-application] [AsyncResolver-bootstrap-executor-0] c.n.d.s.r.aws.ConfigClusterResolver      : Resolving eureka endpoints via configuration
2023-12-19T11:35:03.658+05:30  INFO 18108 --- [blood-donor-application] [AsyncResolver-bootstrap-executor-0] c.n.d.s.r.aws.ConfigClusterResolver      : Resolving eureka endpoints via configuration
2023-12-19T11:40:03.668+05:30  INFO 18108 --- [blood-donor-application] [AsyncResolver-bootstrap-executor-0] c.n.d.s.r.aws.ConfigClusterResolver      : Resolving eureka endpoints via configuration
2023-12-19T11:45:03.683+05:30  INFO 18108 --- [blood-donor-application] [AsyncResolver-bootstrap-executor-0] c.n.d.s.r.aws.ConfigClusterResolver      : Resolving eureka endpoints via configuration
2023-12-19T11:50:03.696+05:30  INFO 18108 --- [blood-donor-application] [AsyncResolver-bootstrap-executor-0] c.n.d.s.r.aws.ConfigClusterResolver      : Resolving eureka endpoints via configuration
2023-12-19T11:55:03.702+05:30  INFO 18108 --- [blood-donor-application] [AsyncResolver-bootstrap-executor-0] c.n.d.s.r.aws.ConfigClusterResolver      : Resolving eureka endpoints via configuration
2023-12-19T12:00:03.706+05:30  INFO 18108 --- [blood-donor-application] [AsyncResolver-bootstrap-executor-0] c.n.d.s.r.aws.ConfigClusterResolver      : Resolving eureka endpoints via configuration
2023-12-19T12:05:03.723+05:30  INFO 18108 --- [blood-donor-application] [AsyncResolver-bootstrap-executor-0] c.n.d.s.r.aws.ConfigClusterResolver      : Resolving eureka endpoints via configuration
2023-12-19T12:10:03.737+05:30  INFO 18108 --- [blood-donor-application] [AsyncResolver-bootstrap-executor-0] c.n.d.s.r.aws.ConfigClusterResolver      : Resolving eureka endpoints via configuration
2023-12-19T12:15:03.749+05:30  INFO 18108 --- [blood-donor-application] [AsyncResolver-bootstrap-executor-0] c.n.d.s.r.aws.ConfigClusterResolver      : Resolving eureka endpoints via configuration
2023-12-19T12:20:03.765+05:30  INFO 18108 --- [blood-donor-application] [AsyncResolver-bootstrap-executor-0] c.n.d.s.r.aws.ConfigClusterResolver      : Resolving eureka endpoints via configuration
2023-12-19T12:25:03.767+05:30  INFO 18108 --- [blood-donor-application] [AsyncResolver-bootstrap-executor-0] c.n.d.s.r.aws.ConfigClusterResolver      : Resolving eureka endpoints via configuration
2023-12-19T12:30:03.770+05:30  INFO 18108 --- [blood-donor-application] [AsyncResolver-bootstrap-executor-0] c.n.d.s.r.aws.ConfigClusterResolver      : Resolving eureka endpoints via configuration
2023-12-19T12:35:03.779+05:30  INFO 18108 --- [blood-donor-application] [AsyncResolver-bootstrap-executor-0] c.n.d.s.r.aws.ConfigClusterResolver      : Resolving eureka endpoints via configuration
2023-12-19T12:40:03.783+05:30  INFO 18108 --- [blood-donor-application] [AsyncResolver-bootstrap-executor-0] c.n.d.s.r.aws.ConfigClusterResolver      : Resolving eureka endpoints via configuration
2023-12-19T12:45:03.788+05:30  INFO 18108 --- [blood-donor-application] [AsyncResolver-bootstrap-executor-0] c.n.d.s.r.aws.ConfigClusterResolver      : Resolving eureka endpoints via configuration
2023-12-19T12:50:03.805+05:30  INFO 18108 --- [blood-donor-application] [AsyncResolver-bootstrap-executor-0] c.n.d.s.r.aws.ConfigClusterResolver      : Resolving eureka endpoints via configuration
2023-12-19T12:55:03.819+05:30  INFO 18108 --- [blood-donor-application] [AsyncResolver-bootstrap-executor-0] c.n.d.s.r.aws.ConfigClusterResolver      : Resolving eureka endpoints via configuration
2023-12-19T13:00:03.826+05:30  INFO 18108 --- [blood-donor-application] [AsyncResolver-bootstrap-executor-0] c.n.d.s.r.aws.ConfigClusterResolver      : Resolving eureka endpoints via configuration
2023-12-19T13:05:03.831+05:30  INFO 18108 --- [blood-donor-application] [AsyncResolver-bootstrap-executor-0] c.n.d.s.r.aws.ConfigClusterResolver      : Resolving eureka endpoints via configuration
2023-12-19T13:10:03.834+05:30  INFO 18108 --- [blood-donor-application] [AsyncResolver-bootstrap-executor-0] c.n.d.s.r.aws.ConfigClusterResolver      : Resolving eureka endpoints via configuration
2023-12-19T13:15:03.841+05:30  INFO 18108 --- [blood-donor-application] [AsyncResolver-bootstrap-executor-0] c.n.d.s.r.aws.ConfigClusterResolver      : Resolving eureka endpoints via configuration
2023-12-19T13:20:03.849+05:30  INFO 18108 --- [blood-donor-application] [AsyncResolver-bootstrap-executor-0] c.n.d.s.r.aws.ConfigClusterResolver      : Resolving eureka endpoints via configuration
2023-12-19T13:25:03.862+05:30  INFO 18108 --- [blood-donor-application] [AsyncResolver-bootstrap-executor-0] c.n.d.s.r.aws.ConfigClusterResolver      : Resolving eureka endpoints via configuration
2023-12-19T13:30:03.865+05:30  INFO 18108 --- [blood-donor-application] [AsyncResolver-bootstrap-executor-0] c.n.d.s.r.aws.ConfigClusterResolver      : Resolving eureka endpoints via configuration
2023-12-19T13:35:03.881+05:30  INFO 18108 --- [blood-donor-application] [AsyncResolver-bootstrap-executor-0] c.n.d.s.r.aws.ConfigClusterResolver      : Resolving eureka endpoints via configuration
2023-12-19T13:40:03.893+05:30  INFO 18108 --- [blood-donor-application] [AsyncResolver-bootstrap-executor-0] c.n.d.s.r.aws.ConfigClusterResolver      : Resolving eureka endpoints via configuration
2023-12-19T13:45:03.908+05:30  INFO 18108 --- [blood-donor-application] [AsyncResolver-bootstrap-executor-0] c.n.d.s.r.aws.ConfigClusterResolver      : Resolving eureka endpoints via configuration
2023-12-19T13:50:03.919+05:30  INFO 18108 --- [blood-donor-application] [AsyncResolver-bootstrap-executor-0] c.n.d.s.r.aws.ConfigClusterResolver      : Resolving eureka endpoints via configuration
2023-12-19T13:55:03.927+05:30  INFO 18108 --- [blood-donor-application] [AsyncResolver-bootstrap-executor-0] c.n.d.s.r.aws.ConfigClusterResolver      : Resolving eureka endpoints via configuration
2023-12-19T14:00:03.929+05:30  INFO 18108 --- [blood-donor-application] [AsyncResolver-bootstrap-executor-0] c.n.d.s.r.aws.ConfigClusterResolver      : Resolving eureka endpoints via configuration
2023-12-19T14:05:03.933+05:30  INFO 18108 --- [blood-donor-application] [AsyncResolver-bootstrap-executor-0] c.n.d.s.r.aws.ConfigClusterResolver      : Resolving eureka endpoints via configuration
2023-12-19T14:10:03.934+05:30  INFO 18108 --- [blood-donor-application] [AsyncResolver-bootstrap-executor-0] c.n.d.s.r.aws.ConfigClusterResolver      : Resolving eureka endpoints via configuration
2023-12-19T14:15:03.937+05:30  INFO 18108 --- [blood-donor-application] [AsyncResolver-bootstrap-executor-0] c.n.d.s.r.aws.ConfigClusterResolver      : Resolving eureka endpoints via configuration
2023-12-19T14:20:03.948+05:30  INFO 18108 --- [blood-donor-application] [AsyncResolver-bootstrap-executor-0] c.n.d.s.r.aws.ConfigClusterResolver      : Resolving eureka endpoints via configuration
2023-12-19T14:25:03.964+05:30  INFO 18108 --- [blood-donor-application] [AsyncResolver-bootstrap-executor-0] c.n.d.s.r.aws.ConfigClusterResolver      : Resolving eureka endpoints via configuration
2023-12-19T14:30:03.967+05:30  INFO 18108 --- [blood-donor-application] [AsyncResolver-bootstrap-executor-0] c.n.d.s.r.aws.ConfigClusterResolver      : Resolving eureka endpoints via configuration
2023-12-19T14:35:03.971+05:30  INFO 18108 --- [blood-donor-application] [AsyncResolver-bootstrap-executor-0] c.n.d.s.r.aws.ConfigClusterResolver      : Resolving eureka endpoints via configuration
2023-12-19T14:40:03.974+05:30  INFO 18108 --- [blood-donor-application] [AsyncResolver-bootstrap-executor-0] c.n.d.s.r.aws.ConfigClusterResolver      : Resolving eureka endpoints via configuration
2023-12-19T14:45:03.978+05:30  INFO 18108 --- [blood-donor-application] [AsyncResolver-bootstrap-executor-0] c.n.d.s.r.aws.ConfigClusterResolver      : Resolving eureka endpoints via configuration
2023-12-19T14:50:03.980+05:30  INFO 18108 --- [blood-donor-application] [AsyncResolver-bootstrap-executor-0] c.n.d.s.r.aws.ConfigClusterResolver      : Resolving eureka endpoints via configuration
2023-12-19T14:55:03.996+05:30  INFO 18108 --- [blood-donor-application] [AsyncResolver-bootstrap-executor-0] c.n.d.s.r.aws.ConfigClusterResolver      : Resolving eureka endpoints via configuration
2023-12-19T15:00:03.999+05:30  INFO 18108 --- [blood-donor-application] [AsyncResolver-bootstrap-executor-0] c.n.d.s.r.aws.ConfigClusterResolver      : Resolving eureka endpoints via configuration
2023-12-19T15:05:04.012+05:30  INFO 18108 --- [blood-donor-application] [AsyncResolver-bootstrap-executor-0] c.n.d.s.r.aws.ConfigClusterResolver      : Resolving eureka endpoints via configuration
2023-12-19T15:10:04.020+05:30  INFO 18108 --- [blood-donor-application] [AsyncResolver-bootstrap-executor-0] c.n.d.s.r.aws.ConfigClusterResolver      : Resolving eureka endpoints via configuration
2023-12-19T15:15:04.024+05:30  INFO 18108 --- [blood-donor-application] [AsyncResolver-bootstrap-executor-0] c.n.d.s.r.aws.ConfigClusterResolver      : Resolving eureka endpoints via configuration
2023-12-19T15:20:04.037+05:30  INFO 18108 --- [blood-donor-application] [AsyncResolver-bootstrap-executor-0] c.n.d.s.r.aws.ConfigClusterResolver      : Resolving eureka endpoints via configuration
2023-12-19T15:25:04.054+05:30  INFO 18108 --- [blood-donor-application] [AsyncResolver-bootstrap-executor-0] c.n.d.s.r.aws.ConfigClusterResolver      : Resolving eureka endpoints via configuration
2023-12-19T15:30:04.068+05:30  INFO 18108 --- [blood-donor-application] [AsyncResolver-bootstrap-executor-0] c.n.d.s.r.aws.ConfigClusterResolver      : Resolving eureka endpoints via configuration
2023-12-19T15:35:04.075+05:30  INFO 18108 --- [blood-donor-application] [AsyncResolver-bootstrap-executor-0] c.n.d.s.r.aws.ConfigClusterResolver      : Resolving eureka endpoints via configuration
2023-12-19T15:40:04.081+05:30  INFO 18108 --- [blood-donor-application] [AsyncResolver-bootstrap-executor-0] c.n.d.s.r.aws.ConfigClusterResolver      : Resolving eureka endpoints via configuration
2023-12-19T15:45:04.086+05:30  INFO 18108 --- [blood-donor-application] [AsyncResolver-bootstrap-executor-0] c.n.d.s.r.aws.ConfigClusterResolver      : Resolving eureka endpoints via configuration
2023-12-19T15:50:04.091+05:30  INFO 18108 --- [blood-donor-application] [AsyncResolver-bootstrap-executor-0] c.n.d.s.r.aws.ConfigClusterResolver      : Resolving eureka endpoints via configuration
2023-12-19T15:55:04.103+05:30  INFO 18108 --- [blood-donor-application] [AsyncResolver-bootstrap-executor-0] c.n.d.s.r.aws.ConfigClusterResolver      : Resolving eureka endpoints via configuration
2023-12-19T16:00:04.107+05:30  INFO 18108 --- [blood-donor-application] [AsyncResolver-bootstrap-executor-0] c.n.d.s.r.aws.ConfigClusterResolver      : Resolving eureka endpoints via configuration
2023-12-19T16:05:04.120+05:30  INFO 18108 --- [blood-donor-application] [AsyncResolver-bootstrap-executor-0] c.n.d.s.r.aws.ConfigClusterResolver      : Resolving eureka endpoints via configuration
2023-12-19T16:10:04.126+05:30  INFO 18108 --- [blood-donor-application] [AsyncResolver-bootstrap-executor-0] c.n.d.s.r.aws.ConfigClusterResolver      : Resolving eureka endpoints via configuration
2023-12-19T16:15:04.140+05:30  INFO 18108 --- [blood-donor-application] [AsyncResolver-bootstrap-executor-0] c.n.d.s.r.aws.ConfigClusterResolver      : Resolving eureka endpoints via configuration
2023-12-19T16:20:04.157+05:30  INFO 18108 --- [blood-donor-application] [AsyncResolver-bootstrap-executor-0] c.n.d.s.r.aws.ConfigClusterResolver      : Resolving eureka endpoints via configuration
2023-12-19T16:25:04.168+05:30  INFO 18108 --- [blood-donor-application] [AsyncResolver-bootstrap-executor-0] c.n.d.s.r.aws.ConfigClusterResolver      : Resolving eureka endpoints via configuration
2023-12-19T16:30:04.180+05:30  INFO 18108 --- [blood-donor-application] [AsyncResolver-bootstrap-executor-0] c.n.d.s.r.aws.ConfigClusterResolver      : Resolving eureka endpoints via configuration
2023-12-19T16:35:04.195+05:30  INFO 18108 --- [blood-donor-application] [AsyncResolver-bootstrap-executor-0] c.n.d.s.r.aws.ConfigClusterResolver      : Resolving eureka endpoints via configuration
2023-12-19T16:40:04.204+05:30  INFO 18108 --- [blood-donor-application] [AsyncResolver-bootstrap-executor-0] c.n.d.s.r.aws.ConfigClusterResolver      : Resolving eureka endpoints via configuration
2023-12-19T16:45:04.219+05:30  INFO 18108 --- [blood-donor-application] [AsyncResolver-bootstrap-executor-0] c.n.d.s.r.aws.ConfigClusterResolver      : Resolving eureka endpoints via configuration
2023-12-19T16:50:04.234+05:30  INFO 18108 --- [blood-donor-application] [AsyncResolver-bootstrap-executor-0] c.n.d.s.r.aws.ConfigClusterResolver      : Resolving eureka endpoints via configuration
2023-12-19T16:55:04.236+05:30  INFO 18108 --- [blood-donor-application] [AsyncResolver-bootstrap-executor-0] c.n.d.s.r.aws.ConfigClusterResolver      : Resolving eureka endpoints via configuration
2023-12-19T17:00:04.244+05:30  INFO 18108 --- [blood-donor-application] [AsyncResolver-bootstrap-executor-0] c.n.d.s.r.aws.ConfigClusterResolver      : Resolving eureka endpoints via configuration
2023-12-19T17:05:04.250+05:30  INFO 18108 --- [blood-donor-application] [AsyncResolver-bootstrap-executor-0] c.n.d.s.r.aws.ConfigClusterResolver      : Resolving eureka endpoints via configuration
2023-12-19T17:10:04.255+05:30  INFO 18108 --- [blood-donor-application] [AsyncResolver-bootstrap-executor-0] c.n.d.s.r.aws.ConfigClusterResolver      : Resolving eureka endpoints via configuration
2023-12-19T17:15:04.261+05:30  INFO 18108 --- [blood-donor-application] [AsyncResolver-bootstrap-executor-0] c.n.d.s.r.aws.ConfigClusterResolver      : Resolving eureka endpoints via configuration
2023-12-19T17:20:04.267+05:30  INFO 18108 --- [blood-donor-application] [AsyncResolver-bootstrap-executor-0] c.n.d.s.r.aws.ConfigClusterResolver      : Resolving eureka endpoints via configuration
2023-12-19T17:25:04.271+05:30  INFO 18108 --- [blood-donor-application] [AsyncResolver-bootstrap-executor-0] c.n.d.s.r.aws.ConfigClusterResolver      : Resolving eureka endpoints via configuration
2023-12-19T17:30:04.286+05:30  INFO 18108 --- [blood-donor-application] [AsyncResolver-bootstrap-executor-0] c.n.d.s.r.aws.ConfigClusterResolver      : Resolving eureka endpoints via configuration
2023-12-19T17:35:04.296+05:30  INFO 18108 --- [blood-donor-application] [AsyncResolver-bootstrap-executor-0] c.n.d.s.r.aws.ConfigClusterResolver      : Resolving eureka endpoints via configuration
2023-12-19T17:40:04.310+05:30  INFO 18108 --- [blood-donor-application] [AsyncResolver-bootstrap-executor-0] c.n.d.s.r.aws.ConfigClusterResolver      : Resolving eureka endpoints via configuration
2023-12-19T17:45:04.319+05:30  INFO 18108 --- [blood-donor-application] [AsyncResolver-bootstrap-executor-0] c.n.d.s.r.aws.ConfigClusterResolver      : Resolving eureka endpoints via configuration
2023-12-19T17:50:04.333+05:30  INFO 18108 --- [blood-donor-application] [AsyncResolver-bootstrap-executor-0] c.n.d.s.r.aws.ConfigClusterResolver      : Resolving eureka endpoints via configuration
2023-12-19T17:55:04.339+05:30  INFO 18108 --- [blood-donor-application] [AsyncResolver-bootstrap-executor-0] c.n.d.s.r.aws.ConfigClusterResolver      : Resolving eureka endpoints via configuration
2023-12-19T18:00:04.349+05:30  INFO 18108 --- [blood-donor-application] [AsyncResolver-bootstrap-executor-0] c.n.d.s.r.aws.ConfigClusterResolver      : Resolving eureka endpoints via configuration
2023-12-19T18:05:04.359+05:30  INFO 18108 --- [blood-donor-application] [AsyncResolver-bootstrap-executor-0] c.n.d.s.r.aws.ConfigClusterResolver      : Resolving eureka endpoints via configuration
2023-12-19T18:10:04.363+05:30  INFO 18108 --- [blood-donor-application] [AsyncResolver-bootstrap-executor-0] c.n.d.s.r.aws.ConfigClusterResolver      : Resolving eureka endpoints via configuration
2023-12-19T18:15:04.368+05:30  INFO 18108 --- [blood-donor-application] [AsyncResolver-bootstrap-executor-0] c.n.d.s.r.aws.ConfigClusterResolver      : Resolving eureka endpoints via configuration
2023-12-19T18:20:04.369+05:30  INFO 18108 --- [blood-donor-application] [AsyncResolver-bootstrap-executor-0] c.n.d.s.r.aws.ConfigClusterResolver      : Resolving eureka endpoints via configuration
2023-12-19T18:25:04.383+05:30  INFO 18108 --- [blood-donor-application] [AsyncResolver-bootstrap-executor-0] c.n.d.s.r.aws.ConfigClusterResolver      : Resolving eureka endpoints via configuration
2023-12-19T18:30:04.385+05:30  INFO 18108 --- [blood-donor-application] [AsyncResolver-bootstrap-executor-0] c.n.d.s.r.aws.ConfigClusterResolver      : Resolving eureka endpoints via configuration
2023-12-19T18:35:04.396+05:30  INFO 18108 --- [blood-donor-application] [AsyncResolver-bootstrap-executor-0] c.n.d.s.r.aws.ConfigClusterResolver      : Resolving eureka endpoints via configuration
2023-12-19T18:40:04.398+05:30  INFO 18108 --- [blood-donor-application] [AsyncResolver-bootstrap-executor-0] c.n.d.s.r.aws.ConfigClusterResolver      : Resolving eureka endpoints via configuration
2023-12-19T18:45:04.413+05:30  INFO 18108 --- [blood-donor-application] [AsyncResolver-bootstrap-executor-0] c.n.d.s.r.aws.ConfigClusterResolver      : Resolving eureka endpoints via configuration
2023-12-19T18:50:04.427+05:30  INFO 18108 --- [blood-donor-application] [AsyncResolver-bootstrap-executor-0] c.n.d.s.r.aws.ConfigClusterResolver      : Resolving eureka endpoints via configuration
2023-12-19T18:55:04.439+05:30  INFO 18108 --- [blood-donor-application] [AsyncResolver-bootstrap-executor-0] c.n.d.s.r.aws.ConfigClusterResolver      : Resolving eureka endpoints via configuration
2023-12-19T19:00:04.444+05:30  INFO 18108 --- [blood-donor-application] [AsyncResolver-bootstrap-executor-0] c.n.d.s.r.aws.ConfigClusterResolver      : Resolving eureka endpoints via configuration
2023-12-19T19:05:04.451+05:30  INFO 18108 --- [blood-donor-application] [AsyncResolver-bootstrap-executor-0] c.n.d.s.r.aws.ConfigClusterResolver      : Resolving eureka endpoints via configuration
2023-12-19T19:10:04.453+05:30  INFO 18108 --- [blood-donor-application] [AsyncResolver-bootstrap-executor-0] c.n.d.s.r.aws.ConfigClusterResolver      : Resolving eureka endpoints via configuration
2023-12-19T19:15:04.467+05:30  INFO 18108 --- [blood-donor-application] [AsyncResolver-bootstrap-executor-0] c.n.d.s.r.aws.ConfigClusterResolver      : Resolving eureka endpoints via configuration
2023-12-19T19:20:04.469+05:30  INFO 18108 --- [blood-donor-application] [AsyncResolver-bootstrap-executor-0] c.n.d.s.r.aws.ConfigClusterResolver      : Resolving eureka endpoints via configuration
2023-12-19T19:25:04.471+05:30  INFO 18108 --- [blood-donor-application] [AsyncResolver-bootstrap-executor-0] c.n.d.s.r.aws.ConfigClusterResolver      : Resolving eureka endpoints via configuration
2023-12-19T19:30:04.474+05:30  INFO 18108 --- [blood-donor-application] [AsyncResolver-bootstrap-executor-0] c.n.d.s.r.aws.ConfigClusterResolver      : Resolving eureka endpoints via configuration
2023-12-19T19:35:04.478+05:30  INFO 18108 --- [blood-donor-application] [AsyncResolver-bootstrap-executor-0] c.n.d.s.r.aws.ConfigClusterResolver      : Resolving eureka endpoints via configuration
2023-12-19T19:40:04.483+05:30  INFO 18108 --- [blood-donor-application] [AsyncResolver-bootstrap-executor-0] c.n.d.s.r.aws.ConfigClusterResolver      : Resolving eureka endpoints via configuration
2023-12-19T19:45:04.493+05:30  INFO 18108 --- [blood-donor-application] [AsyncResolver-bootstrap-executor-0] c.n.d.s.r.aws.ConfigClusterResolver      : Resolving eureka endpoints via configuration
2023-12-19T19:50:04.496+05:30  INFO 18108 --- [blood-donor-application] [AsyncResolver-bootstrap-executor-0] c.n.d.s.r.aws.ConfigClusterResolver      : Resolving eureka endpoints via configuration
2023-12-19T19:55:04.504+05:30  INFO 18108 --- [blood-donor-application] [AsyncResolver-bootstrap-executor-0] c.n.d.s.r.aws.ConfigClusterResolver      : Resolving eureka endpoints via configuration
2023-12-19T20:00:04.520+05:30  INFO 18108 --- [blood-donor-application] [AsyncResolver-bootstrap-executor-0] c.n.d.s.r.aws.ConfigClusterResolver      : Resolving eureka endpoints via configuration
2023-12-19T20:05:04.535+05:30  INFO 18108 --- [blood-donor-application] [AsyncResolver-bootstrap-executor-0] c.n.d.s.r.aws.ConfigClusterResolver      : Resolving eureka endpoints via configuration
2023-12-19T20:10:04.545+05:30  INFO 18108 --- [blood-donor-application] [AsyncResolver-bootstrap-executor-0] c.n.d.s.r.aws.ConfigClusterResolver      : Resolving eureka endpoints via configuration
2023-12-19T20:15:04.554+05:30  INFO 18108 --- [blood-donor-application] [AsyncResolver-bootstrap-executor-0] c.n.d.s.r.aws.ConfigClusterResolver      : Resolving eureka endpoints via configuration
2023-12-19T20:20:04.557+05:30  INFO 18108 --- [blood-donor-application] [AsyncResolver-bootstrap-executor-0] c.n.d.s.r.aws.ConfigClusterResolver      : Resolving eureka endpoints via configuration
2023-12-19T20:25:04.572+05:30  INFO 18108 --- [blood-donor-application] [AsyncResolver-bootstrap-executor-0] c.n.d.s.r.aws.ConfigClusterResolver      : Resolving eureka endpoints via configuration
2023-12-19T20:30:04.573+05:30  INFO 18108 --- [blood-donor-application] [AsyncResolver-bootstrap-executor-0] c.n.d.s.r.aws.ConfigClusterResolver      : Resolving eureka endpoints via configuration
2023-12-19T20:34:58.060+05:30  INFO 18108 --- [blood-donor-application] [SpringApplicationShutdownHook] o.s.c.n.e.s.EurekaServiceRegistry        : Unregistering application BLOOD-DONOR-APPLICATION with eureka with status DOWN
2023-12-19T20:34:58.061+05:30  INFO 18108 --- [blood-donor-application] [SpringApplicationShutdownHook] com.netflix.discovery.DiscoveryClient    : Saw local status change event StatusChangeEvent [timestamp=1702998298061, current=DOWN, previous=UP]
2023-12-19T20:34:58.063+05:30  INFO 18108 --- [blood-donor-application] [DiscoveryClient-InstanceInfoReplicator-0] com.netflix.discovery.DiscoveryClient    : DiscoveryClient_BLOOD-DONOR-APPLICATION/LP-5CD229DMGC.HCLT.CORP.HCL.IN:blood-donor-application:8181: registering service...
2023-12-19T20:34:58.178+05:30  INFO 18108 --- [blood-donor-application] [DiscoveryClient-InstanceInfoReplicator-0] com.netflix.discovery.DiscoveryClient    : DiscoveryClient_BLOOD-DONOR-APPLICATION/LP-5CD229DMGC.HCLT.CORP.HCL.IN:blood-donor-application:8181 - registration status: 204
2023-12-19T20:34:58.332+05:30  INFO 18108 --- [blood-donor-application] [SpringApplicationShutdownHook] j.LocalContainerEntityManagerFactoryBean : Closing JPA EntityManagerFactory for persistence unit 'default'
2023-12-19T20:34:58.364+05:30  INFO 18108 --- [blood-donor-application] [SpringApplicationShutdownHook] com.zaxxer.hikari.HikariDataSource       : HikariPool-9 - Shutdown initiated...
2023-12-19T20:34:58.374+05:30  INFO 18108 --- [blood-donor-application] [SpringApplicationShutdownHook] com.zaxxer.hikari.HikariDataSource       : HikariPool-9 - Shutdown completed.
2023-12-19T20:34:58.383+05:30  INFO 18108 --- [blood-donor-application] [SpringApplicationShutdownHook] com.netflix.discovery.DiscoveryClient    : Shutting down DiscoveryClient ...
2023-12-19T20:35:01.394+05:30  INFO 18108 --- [blood-donor-application] [SpringApplicationShutdownHook] com.netflix.discovery.DiscoveryClient    : Unregistering ...
2023-12-19T20:35:01.410+05:30  INFO 18108 --- [blood-donor-application] [SpringApplicationShutdownHook] com.netflix.discovery.DiscoveryClient    : DiscoveryClient_BLOOD-DONOR-APPLICATION/LP-5CD229DMGC.HCLT.CORP.HCL.IN:blood-donor-application:8181 - deregister  status: 200
2023-12-19T20:35:01.417+05:30  INFO 18108 --- [blood-donor-application] [SpringApplicationShutdownHook] com.netflix.discovery.DiscoveryClient    : Completed shut down of DiscoveryClient
